<?xml version="1.0" encoding="UTF-8"?><testrun name="test.primZahlTest" project="Aufgabe2ext" tests="1" started="1" failures="1" errors="0" ignored="0">
  <testsuite name="test" time="0.0" uniqueid="[engine:junit-jupiter]/[class:test]">
    <testcase name="primZahlTest" classname="test" time="0.0" displayname="primZahlTest()" uniqueid="[engine:junit-jupiter]/[class:test]/[method:primZahlTest()]">
      <failure>array lengths differed, expected.length=4 actual.length=25; arrays first differed at element [4]; expected:&lt;end of array&gt; but was:&lt;11&gt;&#13;
	at org.junit.internal.ComparisonCriteria.arrayEquals(ComparisonCriteria.java:89)&#13;
	at org.junit.internal.ComparisonCriteria.arrayEquals(ComparisonCriteria.java:28)&#13;
	at org.junit.Assert.internalArrayEquals(Assert.java:534)&#13;
	at org.junit.Assert.assertArrayEquals(Assert.java:285)&#13;
	at org.junit.Assert.assertArrayEquals(Assert.java:300)&#13;
	at test.primZahlTest(test.java:126)&#13;
	at java.base/java.lang.reflect.Method.invoke(Method.java:580)&#13;
	at java.base/java.util.ArrayList.forEach(ArrayList.java:1597)&#13;
	at java.base/java.util.ArrayList.forEach(ArrayList.java:1597)&#13;
Caused by: java.lang.AssertionError: expected:&lt;end of array&gt; but was:&lt;11&gt;&#13;
	at org.junit.Assert.fail(Assert.java:89)&#13;
	at org.junit.Assert.failNotEquals(Assert.java:835)&#13;
	at org.junit.Assert.assertEquals(Assert.java:120)&#13;
	at org.junit.Assert.assertEquals(Assert.java:146)&#13;
	at org.junit.internal.ComparisonCriteria.arrayEquals(ComparisonCriteria.java:87)&#13;
	... 8 more&#13;
&#13;
</failure>
    </testcase>
  </testsuite>
</testrun>
